# JRE version: Java(TM) SE Runtime Environment (24.0+36) (build 24+36-3646)
# Java VM: Java HotSpot(TM) 64-Bit Server VM (24+36-3646, mixed mode, sharing, tiered, compressed oops, compressed class ptrs, g1 gc, windows-amd64)
GC Precious Log:
 CardTable entry size: 512
 Card Set container configuration: InlinePtr #cards 5 size 8 Array Of Cards #cards 10 size 36 Howl #buckets 4 coarsen threshold 1843 Howl Bitmap #cards 512 size 80 coarsen threshold 460 Card regions per heap region 1 cards per card region 2048
 CPUs: 12 total, 12 available
 Memory: 7914M
 Large Page Support: Disabled
 NUMA Support: Disabled
 Compressed Oops: Enabled (32-bit)
 Heap Region Size: 1M
 Heap Min Capacity: 8M
 Heap Initial Capacity: 124M
 Heap Max Capacity: 1980M
 Pre-touch: Disabled
 Parallel Workers: 10
 Concurrent Workers: 3
 Concurrent Refinement Workers: 10
 Periodic GC: Disabled
Heap:
 garbage-first heap   total reserved 2027520K, committed 64512K, used 39055K [0x0000000084400000, 0x0000000100000000)
  region size 1024K, 9 young (9216K), 1 survivors (1024K)
 Metaspace       used 75900K, committed 76544K, reserved 1179648K
  class space    used 8276K, committed 8576K, reserved 1048576K
GC Heap History (20 events):
Event: 85.206 GC heap before
{Heap before GC invocations=71 (full 0):
 garbage-first heap   total reserved 2027520K, committed 64512K, used 56615K [0x0000000084400000, 0x0000000100000000)
  region size 1024K, 26 young (26624K), 1 survivors (1024K)
 Metaspace       used 75887K, committed 76544K, reserved 1179648K
  class space    used 8276K, committed 8576K, reserved 1048576K
}
Event: 85.207 GC heap after
{Heap after GC invocations=72 (full 0):
 garbage-first heap   total reserved 2027520K, committed 64512K, used 32034K [0x0000000084400000, 0x0000000100000000)
  region size 1024K, 1 young (1024K), 1 survivors (1024K)
 Metaspace       used 75887K, committed 76544K, reserved 1179648K
  class space    used 8276K, committed 8576K, reserved 1048576K
}
Event: 86.712 GC heap before
{Heap before GC invocations=73 (full 0):
 garbage-first heap   total reserved 2027520K, committed 64512K, used 56610K [0x0000000084400000, 0x0000000100000000)
  region size 1024K, 26 young (26624K), 1 survivors (1024K)
 Metaspace       used 75887K, committed 76544K, reserved 1179648K
  class space    used 8276K, committed 8576K, reserved 1048576K
}
Event: 86.713 GC heap after
{Heap after GC invocations=74 (full 0):
 garbage-first heap   total reserved 2027520K, committed 64512K, used 32007K [0x0000000084400000, 0x0000000100000000)
  region size 1024K, 1 young (1024K), 1 survivors (1024K)
 Metaspace       used 75887K, committed 76544K, reserved 1179648K
  class space    used 8276K, committed 8576K, reserved 1048576K
}
Event: 87.748 GC heap before
{Heap before GC invocations=74 (full 0):
 garbage-first heap   total reserved 2027520K, committed 64512K, used 56583K [0x0000000084400000, 0x0000000100000000)
  region size 1024K, 26 young (26624K), 1 survivors (1024K)
 Metaspace       used 75887K, committed 76544K, reserved 1179648K
  class space    used 8276K, committed 8576K, reserved 1048576K
}
Event: 87.750 GC heap after
{Heap after GC invocations=75 (full 0):
 garbage-first heap   total reserved 2027520K, committed 64512K, used 31968K [0x0000000084400000, 0x0000000100000000)
  region size 1024K, 1 young (1024K), 1 survivors (1024K)
 Metaspace       used 75887K, committed 76544K, reserved 1179648K
  class space    used 8276K, committed 8576K, reserved 1048576K
}
Event: 88.749 GC heap before
{Heap before GC invocations=75 (full 0):
 garbage-first heap   total reserved 2027520K, committed 64512K, used 56544K [0x0000000084400000, 0x0000000100000000)
  region size 1024K, 26 young (26624K), 1 survivors (1024K)
 Metaspace       used 75887K, committed 76544K, reserved 1179648K
  class space    used 8276K, committed 8576K, reserved 1048576K
}
Event: 88.750 GC heap after
{Heap after GC invocations=76 (full 0):
 garbage-first heap   total reserved 2027520K, committed 64512K, used 32037K [0x0000000084400000, 0x0000000100000000)
  region size 1024K, 1 young (1024K), 1 survivors (1024K)
 Metaspace       used 75887K, committed 76544K, reserved 1179648K
  class space    used 8276K, committed 8576K, reserved 1048576K
}
Event: 89.703 GC heap before
{Heap before GC invocations=77 (full 0):
 garbage-first heap   total reserved 2027520K, committed 64512K, used 56613K [0x0000000084400000, 0x0000000100000000)
  region size 1024K, 26 young (26624K), 1 survivors (1024K)
 Metaspace       used 75887K, committed 76544K, reserved 1179648K
  class space    used 8276K, committed 8576K, reserved 1048576K
}
Event: 89.704 GC heap after
{Heap after GC invocations=78 (full 0):
 garbage-first heap   total reserved 2027520K, committed 64512K, used 32021K [0x0000000084400000, 0x0000000100000000)
  region size 1024K, 1 young (1024K), 1 survivors (1024K)
 Metaspace       used 75887K, committed 76544K, reserved 1179648K
  class space    used 8276K, committed 8576K, reserved 1048576K
}
Event: 90.659 GC heap before
{Heap before GC invocations=78 (full 0):
 garbage-first heap   total reserved 2027520K, committed 64512K, used 56597K [0x0000000084400000, 0x0000000100000000)
  region size 1024K, 26 young (26624K), 1 survivors (1024K)
 Metaspace       used 75887K, committed 76544K, reserved 1179648K
  class space    used 8276K, committed 8576K, reserved 1048576K
}
Event: 90.661 GC heap after
{Heap after GC invocations=79 (full 0):
 garbage-first heap   total reserved 2027520K, committed 64512K, used 31868K [0x0000000084400000, 0x0000000100000000)
  region size 1024K, 1 young (1024K), 1 survivors (1024K)
 Metaspace       used 75887K, committed 76544K, reserved 1179648K
  class space    used 8276K, committed 8576K, reserved 1048576K
}
Event: 91.812 GC heap before
{Heap before GC invocations=79 (full 0):
 garbage-first heap   total reserved 2027520K, committed 64512K, used 56444K [0x0000000084400000, 0x0000000100000000)
  region size 1024K, 26 young (26624K), 1 survivors (1024K)
 Metaspace       used 75887K, committed 76544K, reserved 1179648K
  class space    used 8276K, committed 8576K, reserved 1048576K
}
Event: 91.813 GC heap after
{Heap after GC invocations=80 (full 0):
 garbage-first heap   total reserved 2027520K, committed 64512K, used 31956K [0x0000000084400000, 0x0000000100000000)
  region size 1024K, 1 young (1024K), 1 survivors (1024K)
 Metaspace       used 75887K, committed 76544K, reserved 1179648K
  class space    used 8276K, committed 8576K, reserved 1048576K
}
Event: 92.929 GC heap before
{Heap before GC invocations=81 (full 0):
 garbage-first heap   total reserved 2027520K, committed 64512K, used 56532K [0x0000000084400000, 0x0000000100000000)
  region size 1024K, 26 young (26624K), 1 survivors (1024K)
 Metaspace       used 75888K, committed 76544K, reserved 1179648K
  class space    used 8276K, committed 8576K, reserved 1048576K
}
Event: 92.929 GC heap after
{Heap after GC invocations=82 (full 0):
 garbage-first heap   total reserved 2027520K, committed 64512K, used 32029K [0x0000000084400000, 0x0000000100000000)
  region size 1024K, 1 young (1024K), 1 survivors (1024K)
 Metaspace       used 75888K, committed 76544K, reserved 1179648K
  class space    used 8276K, committed 8576K, reserved 1048576K
}
Event: 94.685 GC heap before
{Heap before GC invocations=82 (full 0):
 garbage-first heap   total reserved 2027520K, committed 64512K, used 56605K [0x0000000084400000, 0x0000000100000000)
  region size 1024K, 26 young (26624K), 1 survivors (1024K)
 Metaspace       used 75888K, committed 76544K, reserved 1179648K
  class space    used 8276K, committed 8576K, reserved 1048576K
}
Event: 94.686 GC heap after
{Heap after GC invocations=83 (full 0):
 garbage-first heap   total reserved 2027520K, committed 64512K, used 31994K [0x0000000084400000, 0x0000000100000000)
  region size 1024K, 1 young (1024K), 1 survivors (1024K)
 Metaspace       used 75888K, committed 76544K, reserved 1179648K
  class space    used 8276K, committed 8576K, reserved 1048576K
}
Event: 95.732 GC heap before
{Heap before GC invocations=84 (full 0):
 garbage-first heap   total reserved 2027520K, committed 64512K, used 56570K [0x0000000084400000, 0x0000000100000000)
  region size 1024K, 26 young (26624K), 1 survivors (1024K)
 Metaspace       used 75888K, committed 76544K, reserved 1179648K
  class space    used 8276K, committed 8576K, reserved 1048576K
}
Event: 95.733 GC heap after
{Heap after GC invocations=85 (full 0):
 garbage-first heap   total reserved 2027520K, committed 64512K, used 31887K [0x0000000084400000, 0x0000000100000000)
  region size 1024K, 1 young (1024K), 1 survivors (1024K)
 Metaspace       used 75888K, committed 76544K, reserved 1179648K
  class space    used 8276K, committed 8576K, reserved 1048576K
}

