# JRE version: Java(TM) SE Runtime Environment (24.0+36) (build 24+36-3646)
# Java VM: Java HotSpot(TM) 64-Bit Server VM (24+36-3646, mixed mode, sharing, tiered, compressed oops, compressed class ptrs, g1 gc, windows-amd64)
GC Precious Log:
 CardTable entry size: 512
 Card Set container configuration: InlinePtr #cards 5 size 8 Array Of Cards #cards 10 size 36 Howl #buckets 4 coarsen threshold 1843 Howl Bitmap #cards 512 size 80 coarsen threshold 460 Card regions per heap region 1 cards per card region 2048
 CPUs: 12 total, 12 available
 Memory: 7914M
 Large Page Support: Disabled
 NUMA Support: Disabled
 Compressed Oops: Enabled (32-bit)
 Heap Region Size: 1M
 Heap Min Capacity: 8M
 Heap Initial Capacity: 124M
 Heap Max Capacity: 1980M
 Pre-touch: Disabled
 Parallel Workers: 10
 Concurrent Workers: 3
 Concurrent Refinement Workers: 10
 Periodic GC: Disabled
Heap:
 garbage-first heap   total reserved 2027520K, committed 64512K, used 37024K [0x0000000084400000, 0x0000000100000000)
  region size 1024K, 9 young (9216K), 1 survivors (1024K)
 Metaspace       used 74822K, committed 75456K, reserved 1179648K
  class space    used 8048K, committed 8320K, reserved 1048576K
GC Heap History (20 events):
Event: 2859.782 GC heap before
{Heap before GC invocations=30 (full 0):
 garbage-first heap   total reserved 2027520K, committed 64512K, used 57685K [0x0000000084400000, 0x0000000100000000)
  region size 1024K, 28 young (28672K), 2 survivors (2048K)
 Metaspace       used 74824K, committed 75392K, reserved 1179648K
  class space    used 8051K, committed 8320K, reserved 1048576K
}
Event: 2859.784 GC heap after
{Heap after GC invocations=31 (full 0):
 garbage-first heap   total reserved 2027520K, committed 64512K, used 31028K [0x0000000084400000, 0x0000000100000000)
  region size 1024K, 2 young (2048K), 2 survivors (2048K)
 Metaspace       used 74824K, committed 75392K, reserved 1179648K
  class space    used 8051K, committed 8320K, reserved 1048576K
}
Event: 2861.391 GC heap before
{Heap before GC invocations=32 (full 0):
 garbage-first heap   total reserved 2027520K, committed 64512K, used 57652K [0x0000000084400000, 0x0000000100000000)
  region size 1024K, 28 young (28672K), 2 survivors (2048K)
 Metaspace       used 74824K, committed 75392K, reserved 1179648K
  class space    used 8051K, committed 8320K, reserved 1048576K
}
Event: 2861.393 GC heap after
{Heap after GC invocations=33 (full 0):
 garbage-first heap   total reserved 2027520K, committed 64512K, used 31154K [0x0000000084400000, 0x0000000100000000)
  region size 1024K, 2 young (2048K), 2 survivors (2048K)
 Metaspace       used 74824K, committed 75392K, reserved 1179648K
  class space    used 8051K, committed 8320K, reserved 1048576K
}
Event: 2863.331 GC heap before
{Heap before GC invocations=33 (full 0):
 garbage-first heap   total reserved 2027520K, committed 64512K, used 57778K [0x0000000084400000, 0x0000000100000000)
  region size 1024K, 28 young (28672K), 2 survivors (2048K)
 Metaspace       used 74826K, committed 75392K, reserved 1179648K
  class space    used 8052K, committed 8320K, reserved 1048576K
}
Event: 2863.336 GC heap after
{Heap after GC invocations=34 (full 0):
 garbage-first heap   total reserved 2027520K, committed 64512K, used 30554K [0x0000000084400000, 0x0000000100000000)
  region size 1024K, 2 young (2048K), 2 survivors (2048K)
 Metaspace       used 74826K, committed 75392K, reserved 1179648K
  class space    used 8052K, committed 8320K, reserved 1048576K
}
Event: 2865.139 GC heap before
{Heap before GC invocations=34 (full 0):
 garbage-first heap   total reserved 2027520K, committed 64512K, used 57178K [0x0000000084400000, 0x0000000100000000)
  region size 1024K, 28 young (28672K), 2 survivors (2048K)
 Metaspace       used 74828K, committed 75392K, reserved 1179648K
  class space    used 8052K, committed 8320K, reserved 1048576K
}
Event: 2865.140 GC heap after
{Heap after GC invocations=35 (full 0):
 garbage-first heap   total reserved 2027520K, committed 64512K, used 30433K [0x0000000084400000, 0x0000000100000000)
  region size 1024K, 2 young (2048K), 2 survivors (2048K)
 Metaspace       used 74828K, committed 75392K, reserved 1179648K
  class space    used 8052K, committed 8320K, reserved 1048576K
}
Event: 2866.933 GC heap before
{Heap before GC invocations=36 (full 0):
 garbage-first heap   total reserved 2027520K, committed 64512K, used 57057K [0x0000000084400000, 0x0000000100000000)
  region size 1024K, 28 young (28672K), 2 survivors (2048K)
 Metaspace       used 74828K, committed 75392K, reserved 1179648K
  class space    used 8052K, committed 8320K, reserved 1048576K
}
Event: 2866.936 GC heap after
{Heap after GC invocations=37 (full 0):
 garbage-first heap   total reserved 2027520K, committed 64512K, used 30617K [0x0000000084400000, 0x0000000100000000)
  region size 1024K, 2 young (2048K), 2 survivors (2048K)
 Metaspace       used 74828K, committed 75392K, reserved 1179648K
  class space    used 8052K, committed 8320K, reserved 1048576K
}
Event: 2868.338 GC heap before
{Heap before GC invocations=37 (full 0):
 garbage-first heap   total reserved 2027520K, committed 64512K, used 57241K [0x0000000084400000, 0x0000000100000000)
  region size 1024K, 28 young (28672K), 2 survivors (2048K)
 Metaspace       used 74828K, committed 75392K, reserved 1179648K
  class space    used 8052K, committed 8320K, reserved 1048576K
}
Event: 2868.342 GC heap after
{Heap after GC invocations=38 (full 0):
 garbage-first heap   total reserved 2027520K, committed 64512K, used 30079K [0x0000000084400000, 0x0000000100000000)
  region size 1024K, 1 young (1024K), 1 survivors (1024K)
 Metaspace       used 74828K, committed 75392K, reserved 1179648K
  class space    used 8052K, committed 8320K, reserved 1048576K
}
Event: 2870.820 GC heap before
{Heap before GC invocations=38 (full 0):
 garbage-first heap   total reserved 2027520K, committed 64512K, used 58751K [0x0000000084400000, 0x0000000100000000)
  region size 1024K, 29 young (29696K), 1 survivors (1024K)
 Metaspace       used 74828K, committed 75456K, reserved 1179648K
  class space    used 8052K, committed 8320K, reserved 1048576K
}
Event: 2870.822 GC heap after
{Heap after GC invocations=39 (full 0):
 garbage-first heap   total reserved 2027520K, committed 64512K, used 30229K [0x0000000084400000, 0x0000000100000000)
  region size 1024K, 1 young (1024K), 1 survivors (1024K)
 Metaspace       used 74828K, committed 75456K, reserved 1179648K
  class space    used 8052K, committed 8320K, reserved 1048576K
}
Event: 2873.267 GC heap before
{Heap before GC invocations=40 (full 0):
 garbage-first heap   total reserved 2027520K, committed 64512K, used 58901K [0x0000000084400000, 0x0000000100000000)
  region size 1024K, 29 young (29696K), 1 survivors (1024K)
 Metaspace       used 74816K, committed 75456K, reserved 1179648K
  class space    used 8048K, committed 8320K, reserved 1048576K
}
Event: 2873.269 GC heap after
{Heap after GC invocations=41 (full 0):
 garbage-first heap   total reserved 2027520K, committed 64512K, used 30254K [0x0000000084400000, 0x0000000100000000)
  region size 1024K, 1 young (1024K), 1 survivors (1024K)
 Metaspace       used 74816K, committed 75456K, reserved 1179648K
  class space    used 8048K, committed 8320K, reserved 1048576K
}
Event: 2875.344 GC heap before
{Heap before GC invocations=41 (full 0):
 garbage-first heap   total reserved 2027520K, committed 64512K, used 58926K [0x0000000084400000, 0x0000000100000000)
  region size 1024K, 29 young (29696K), 1 survivors (1024K)
 Metaspace       used 74816K, committed 75456K, reserved 1179648K
  class space    used 8048K, committed 8320K, reserved 1048576K
}
Event: 2875.348 GC heap after
{Heap after GC invocations=42 (full 0):
 garbage-first heap   total reserved 2027520K, committed 64512K, used 29770K [0x0000000084400000, 0x0000000100000000)
  region size 1024K, 1 young (1024K), 1 survivors (1024K)
 Metaspace       used 74816K, committed 75456K, reserved 1179648K
  class space    used 8048K, committed 8320K, reserved 1048576K
}
Event: 2879.037 GC heap before
{Heap before GC invocations=42 (full 0):
 garbage-first heap   total reserved 2027520K, committed 64512K, used 58442K [0x0000000084400000, 0x0000000100000000)
  region size 1024K, 29 young (29696K), 1 survivors (1024K)
 Metaspace       used 74821K, committed 75456K, reserved 1179648K
  class space    used 8048K, committed 8320K, reserved 1048576K
}
Event: 2879.039 GC heap after
{Heap after GC invocations=43 (full 0):
 garbage-first heap   total reserved 2027520K, committed 64512K, used 29856K [0x0000000084400000, 0x0000000100000000)
  region size 1024K, 1 young (1024K), 1 survivors (1024K)
 Metaspace       used 74821K, committed 75456K, reserved 1179648K
  class space    used 8048K, committed 8320K, reserved 1048576K
}

