# JRE version: Java(TM) SE Runtime Environment (24.0+36) (build 24+36-3646)
# Java VM: Java HotSpot(TM) 64-Bit Server VM (24+36-3646, mixed mode, sharing, tiered, compressed oops, compressed class ptrs, g1 gc, windows-amd64)
GC Precious Log:
 CardTable entry size: 512
 Card Set container configuration: InlinePtr #cards 5 size 8 Array Of Cards #cards 10 size 36 Howl #buckets 4 coarsen threshold 1843 Howl Bitmap #cards 512 size 80 coarsen threshold 460 Card regions per heap region 1 cards per card region 2048
 CPUs: 12 total, 12 available
 Memory: 7914M
 Large Page Support: Disabled
 NUMA Support: Disabled
 Compressed Oops: Enabled (32-bit)
 Heap Region Size: 1M
 Heap Min Capacity: 8M
 Heap Initial Capacity: 124M
 Heap Max Capacity: 1980M
 Pre-touch: Disabled
 Parallel Workers: 10
 Concurrent Workers: 3
 Concurrent Refinement Workers: 10
 Periodic GC: Disabled
Heap:
 garbage-first heap   total reserved 2027520K, committed 64512K, used 41564K [0x0000000084400000, 0x0000000100000000)
  region size 1024K, 11 young (11264K), 1 survivors (1024K)
 Metaspace       used 75215K, committed 75968K, reserved 1179648K
  class space    used 8212K, committed 8576K, reserved 1048576K
GC Heap History (20 events):
Event: 52.834 GC heap before
{Heap before GC invocations=40 (full 0):
 garbage-first heap   total reserved 2027520K, committed 64512K, used 58130K [0x0000000084400000, 0x0000000100000000)
  region size 1024K, 26 young (26624K), 1 survivors (1024K)
 Metaspace       used 75193K, committed 75968K, reserved 1179648K
  class space    used 8211K, committed 8576K, reserved 1048576K
}
Event: 52.835 GC heap after
{Heap after GC invocations=41 (full 0):
 garbage-first heap   total reserved 2027520K, committed 64512K, used 32556K [0x0000000084400000, 0x0000000100000000)
  region size 1024K, 1 young (1024K), 1 survivors (1024K)
 Metaspace       used 75193K, committed 75968K, reserved 1179648K
  class space    used 8211K, committed 8576K, reserved 1048576K
}
Event: 54.249 GC heap before
{Heap before GC invocations=41 (full 0):
 garbage-first heap   total reserved 2027520K, committed 64512K, used 57132K [0x0000000084400000, 0x0000000100000000)
  region size 1024K, 26 young (26624K), 1 survivors (1024K)
 Metaspace       used 75193K, committed 75968K, reserved 1179648K
  class space    used 8211K, committed 8576K, reserved 1048576K
}
Event: 54.250 GC heap after
{Heap after GC invocations=42 (full 0):
 garbage-first heap   total reserved 2027520K, committed 64512K, used 32387K [0x0000000084400000, 0x0000000100000000)
  region size 1024K, 1 young (1024K), 1 survivors (1024K)
 Metaspace       used 75193K, committed 75968K, reserved 1179648K
  class space    used 8211K, committed 8576K, reserved 1048576K
}
Event: 56.305 GC heap before
{Heap before GC invocations=42 (full 0):
 garbage-first heap   total reserved 2027520K, committed 64512K, used 56963K [0x0000000084400000, 0x0000000100000000)
  region size 1024K, 26 young (26624K), 1 survivors (1024K)
 Metaspace       used 75193K, committed 75968K, reserved 1179648K
  class space    used 8211K, committed 8576K, reserved 1048576K
}
Event: 56.307 GC heap after
{Heap after GC invocations=43 (full 0):
 garbage-first heap   total reserved 2027520K, committed 64512K, used 32485K [0x0000000084400000, 0x0000000100000000)
  region size 1024K, 1 young (1024K), 1 survivors (1024K)
 Metaspace       used 75193K, committed 75968K, reserved 1179648K
  class space    used 8211K, committed 8576K, reserved 1048576K
}
Event: 58.248 GC heap before
{Heap before GC invocations=44 (full 0):
 garbage-first heap   total reserved 2027520K, committed 64512K, used 58085K [0x0000000084400000, 0x0000000100000000)
  region size 1024K, 26 young (26624K), 1 survivors (1024K)
 Metaspace       used 75193K, committed 75968K, reserved 1179648K
  class space    used 8211K, committed 8576K, reserved 1048576K
}
Event: 58.250 GC heap after
{Heap after GC invocations=45 (full 0):
 garbage-first heap   total reserved 2027520K, committed 64512K, used 32528K [0x0000000084400000, 0x0000000100000000)
  region size 1024K, 1 young (1024K), 1 survivors (1024K)
 Metaspace       used 75193K, committed 75968K, reserved 1179648K
  class space    used 8211K, committed 8576K, reserved 1048576K
}
Event: 60.211 GC heap before
{Heap before GC invocations=45 (full 0):
 garbage-first heap   total reserved 2027520K, committed 64512K, used 57104K [0x0000000084400000, 0x0000000100000000)
  region size 1024K, 26 young (26624K), 1 survivors (1024K)
 Metaspace       used 75205K, committed 75968K, reserved 1179648K
  class space    used 8211K, committed 8576K, reserved 1048576K
}
Event: 60.213 GC heap after
{Heap after GC invocations=46 (full 0):
 garbage-first heap   total reserved 2027520K, committed 64512K, used 32344K [0x0000000084400000, 0x0000000100000000)
  region size 1024K, 1 young (1024K), 1 survivors (1024K)
 Metaspace       used 75205K, committed 75968K, reserved 1179648K
  class space    used 8211K, committed 8576K, reserved 1048576K
}
Event: 62.363 GC heap before
{Heap before GC invocations=46 (full 0):
 garbage-first heap   total reserved 2027520K, committed 64512K, used 56920K [0x0000000084400000, 0x0000000100000000)
  region size 1024K, 26 young (26624K), 1 survivors (1024K)
 Metaspace       used 75210K, committed 75968K, reserved 1179648K
  class space    used 8212K, committed 8576K, reserved 1048576K
}
Event: 62.365 GC heap after
{Heap after GC invocations=47 (full 0):
 garbage-first heap   total reserved 2027520K, committed 64512K, used 32437K [0x0000000084400000, 0x0000000100000000)
  region size 1024K, 1 young (1024K), 1 survivors (1024K)
 Metaspace       used 75210K, committed 75968K, reserved 1179648K
  class space    used 8212K, committed 8576K, reserved 1048576K
}
Event: 65.406 GC heap before
{Heap before GC invocations=48 (full 0):
 garbage-first heap   total reserved 2027520K, committed 64512K, used 58037K [0x0000000084400000, 0x0000000100000000)
  region size 1024K, 26 young (26624K), 1 survivors (1024K)
 Metaspace       used 75211K, committed 75968K, reserved 1179648K
  class space    used 8212K, committed 8576K, reserved 1048576K
}
Event: 65.407 GC heap after
{Heap after GC invocations=49 (full 0):
 garbage-first heap   total reserved 2027520K, committed 64512K, used 32428K [0x0000000084400000, 0x0000000100000000)
  region size 1024K, 1 young (1024K), 1 survivors (1024K)
 Metaspace       used 75211K, committed 75968K, reserved 1179648K
  class space    used 8212K, committed 8576K, reserved 1048576K
}
Event: 69.445 GC heap before
{Heap before GC invocations=49 (full 0):
 garbage-first heap   total reserved 2027520K, committed 64512K, used 57004K [0x0000000084400000, 0x0000000100000000)
  region size 1024K, 26 young (26624K), 1 survivors (1024K)
 Metaspace       used 75213K, committed 75968K, reserved 1179648K
  class space    used 8212K, committed 8576K, reserved 1048576K
}
Event: 69.447 GC heap after
{Heap after GC invocations=50 (full 0):
 garbage-first heap   total reserved 2027520K, committed 64512K, used 32287K [0x0000000084400000, 0x0000000100000000)
  region size 1024K, 1 young (1024K), 1 survivors (1024K)
 Metaspace       used 75213K, committed 75968K, reserved 1179648K
  class space    used 8212K, committed 8576K, reserved 1048576K
}
Event: 75.565 GC heap before
{Heap before GC invocations=50 (full 0):
 garbage-first heap   total reserved 2027520K, committed 64512K, used 56863K [0x0000000084400000, 0x0000000100000000)
  region size 1024K, 26 young (26624K), 1 survivors (1024K)
 Metaspace       used 75214K, committed 75968K, reserved 1179648K
  class space    used 8212K, committed 8576K, reserved 1048576K
}
Event: 75.567 GC heap after
{Heap after GC invocations=51 (full 0):
 garbage-first heap   total reserved 2027520K, committed 64512K, used 32362K [0x0000000084400000, 0x0000000100000000)
  region size 1024K, 1 young (1024K), 1 survivors (1024K)
 Metaspace       used 75214K, committed 75968K, reserved 1179648K
  class space    used 8212K, committed 8576K, reserved 1048576K
}
Event: 80.985 GC heap before
{Heap before GC invocations=52 (full 0):
 garbage-first heap   total reserved 2027520K, committed 64512K, used 57962K [0x0000000084400000, 0x0000000100000000)
  region size 1024K, 26 young (26624K), 1 survivors (1024K)
 Metaspace       used 75215K, committed 75968K, reserved 1179648K
  class space    used 8212K, committed 8576K, reserved 1048576K
}
Event: 80.987 GC heap after
{Heap after GC invocations=53 (full 0):
 garbage-first heap   total reserved 2027520K, committed 64512K, used 32348K [0x0000000084400000, 0x0000000100000000)
  region size 1024K, 1 young (1024K), 1 survivors (1024K)
 Metaspace       used 75215K, committed 75968K, reserved 1179648K
  class space    used 8212K, committed 8576K, reserved 1048576K
}

