# JRE version: Java(TM) SE Runtime Environment (24.0+36) (build 24+36-3646)
# Java VM: Java HotSpot(TM) 64-Bit Server VM (24+36-3646, mixed mode, sharing, tiered, compressed oops, compressed class ptrs, g1 gc, windows-amd64)
GC Precious Log:
 CardTable entry size: 512
 Card Set container configuration: InlinePtr #cards 5 size 8 Array Of Cards #cards 10 size 36 Howl #buckets 4 coarsen threshold 1843 Howl Bitmap #cards 512 size 80 coarsen threshold 460 Card regions per heap region 1 cards per card region 2048
 CPUs: 12 total, 12 available
 Memory: 7914M
 Large Page Support: Disabled
 NUMA Support: Disabled
 Compressed Oops: Enabled (32-bit)
 Heap Region Size: 1M
 Heap Min Capacity: 8M
 Heap Initial Capacity: 124M
 Heap Max Capacity: 1980M
 Pre-touch: Disabled
 Parallel Workers: 10
 Concurrent Workers: 3
 Concurrent Refinement Workers: 10
 Periodic GC: Disabled
Heap:
 garbage-first heap   total reserved 2027520K, committed 77824K, used 62719K [0x0000000084400000, 0x0000000100000000)
  region size 1024K, 33 young (33792K), 1 survivors (1024K)
 Metaspace       used 75021K, committed 75584K, reserved 1179648K
  class space    used 8065K, committed 8320K, reserved 1048576K
GC Heap History (20 events):
Event: 186.005 GC heap before
{Heap before GC invocations=111 (full 0):
 garbage-first heap   total reserved 2027520K, committed 77824K, used 68824K [0x0000000084400000, 0x0000000100000000)
  region size 1024K, 38 young (38912K), 1 survivors (1024K)
 Metaspace       used 75016K, committed 75584K, reserved 1179648K
  class space    used 8065K, committed 8320K, reserved 1048576K
}
Event: 186.006 GC heap after
{Heap after GC invocations=112 (full 0):
 garbage-first heap   total reserved 2027520K, committed 77824K, used 31988K [0x0000000084400000, 0x0000000100000000)
  region size 1024K, 1 young (1024K), 1 survivors (1024K)
 Metaspace       used 75016K, committed 75584K, reserved 1179648K
  class space    used 8065K, committed 8320K, reserved 1048576K
}
Event: 186.947 GC heap before
{Heap before GC invocations=112 (full 0):
 garbage-first heap   total reserved 2027520K, committed 77824K, used 68852K [0x0000000084400000, 0x0000000100000000)
  region size 1024K, 38 young (38912K), 1 survivors (1024K)
 Metaspace       used 75016K, committed 75584K, reserved 1179648K
  class space    used 8065K, committed 8320K, reserved 1048576K
}
Event: 186.948 GC heap after
{Heap after GC invocations=113 (full 0):
 garbage-first heap   total reserved 2027520K, committed 77824K, used 32000K [0x0000000084400000, 0x0000000100000000)
  region size 1024K, 1 young (1024K), 1 survivors (1024K)
 Metaspace       used 75016K, committed 75584K, reserved 1179648K
  class space    used 8065K, committed 8320K, reserved 1048576K
}
Event: 187.584 GC heap before
{Heap before GC invocations=114 (full 0):
 garbage-first heap   total reserved 2027520K, committed 77824K, used 68864K [0x0000000084400000, 0x0000000100000000)
  region size 1024K, 38 young (38912K), 1 survivors (1024K)
 Metaspace       used 75016K, committed 75584K, reserved 1179648K
  class space    used 8065K, committed 8320K, reserved 1048576K
}
Event: 187.585 GC heap after
{Heap after GC invocations=115 (full 0):
 garbage-first heap   total reserved 2027520K, committed 77824K, used 31976K [0x0000000084400000, 0x0000000100000000)
  region size 1024K, 1 young (1024K), 1 survivors (1024K)
 Metaspace       used 75016K, committed 75584K, reserved 1179648K
  class space    used 8065K, committed 8320K, reserved 1048576K
}
Event: 188.561 GC heap before
{Heap before GC invocations=115 (full 0):
 garbage-first heap   total reserved 2027520K, committed 77824K, used 68840K [0x0000000084400000, 0x0000000100000000)
  region size 1024K, 38 young (38912K), 1 survivors (1024K)
 Metaspace       used 75016K, committed 75584K, reserved 1179648K
  class space    used 8065K, committed 8320K, reserved 1048576K
}
Event: 188.563 GC heap after
{Heap after GC invocations=116 (full 0):
 garbage-first heap   total reserved 2027520K, committed 77824K, used 31978K [0x0000000084400000, 0x0000000100000000)
  region size 1024K, 1 young (1024K), 1 survivors (1024K)
 Metaspace       used 75016K, committed 75584K, reserved 1179648K
  class space    used 8065K, committed 8320K, reserved 1048576K
}
Event: 189.514 GC heap before
{Heap before GC invocations=117 (full 0):
 garbage-first heap   total reserved 2027520K, committed 77824K, used 68842K [0x0000000084400000, 0x0000000100000000)
  region size 1024K, 38 young (38912K), 1 survivors (1024K)
 Metaspace       used 75016K, committed 75584K, reserved 1179648K
  class space    used 8065K, committed 8320K, reserved 1048576K
}
Event: 189.515 GC heap after
{Heap after GC invocations=118 (full 0):
 garbage-first heap   total reserved 2027520K, committed 77824K, used 32006K [0x0000000084400000, 0x0000000100000000)
  region size 1024K, 1 young (1024K), 1 survivors (1024K)
 Metaspace       used 75016K, committed 75584K, reserved 1179648K
  class space    used 8065K, committed 8320K, reserved 1048576K
}
Event: 190.324 GC heap before
{Heap before GC invocations=118 (full 0):
 garbage-first heap   total reserved 2027520K, committed 77824K, used 68870K [0x0000000084400000, 0x0000000100000000)
  region size 1024K, 38 young (38912K), 1 survivors (1024K)
 Metaspace       used 75018K, committed 75584K, reserved 1179648K
  class space    used 8065K, committed 8320K, reserved 1048576K
}
Event: 190.325 GC heap after
{Heap after GC invocations=119 (full 0):
 garbage-first heap   total reserved 2027520K, committed 77824K, used 31960K [0x0000000084400000, 0x0000000100000000)
  region size 1024K, 1 young (1024K), 1 survivors (1024K)
 Metaspace       used 75018K, committed 75584K, reserved 1179648K
  class space    used 8065K, committed 8320K, reserved 1048576K
}
Event: 191.188 GC heap before
{Heap before GC invocations=120 (full 0):
 garbage-first heap   total reserved 2027520K, committed 77824K, used 68824K [0x0000000084400000, 0x0000000100000000)
  region size 1024K, 38 young (38912K), 1 survivors (1024K)
 Metaspace       used 75018K, committed 75584K, reserved 1179648K
  class space    used 8065K, committed 8320K, reserved 1048576K
}
Event: 191.189 GC heap after
{Heap after GC invocations=121 (full 0):
 garbage-first heap   total reserved 2027520K, committed 77824K, used 31978K [0x0000000084400000, 0x0000000100000000)
  region size 1024K, 1 young (1024K), 1 survivors (1024K)
 Metaspace       used 75018K, committed 75584K, reserved 1179648K
  class space    used 8065K, committed 8320K, reserved 1048576K
}
Event: 192.101 GC heap before
{Heap before GC invocations=121 (full 0):
 garbage-first heap   total reserved 2027520K, committed 77824K, used 68842K [0x0000000084400000, 0x0000000100000000)
  region size 1024K, 38 young (38912K), 1 survivors (1024K)
 Metaspace       used 75019K, committed 75584K, reserved 1179648K
  class space    used 8065K, committed 8320K, reserved 1048576K
}
Event: 192.102 GC heap after
{Heap after GC invocations=122 (full 0):
 garbage-first heap   total reserved 2027520K, committed 77824K, used 31986K [0x0000000084400000, 0x0000000100000000)
  region size 1024K, 1 young (1024K), 1 survivors (1024K)
 Metaspace       used 75019K, committed 75584K, reserved 1179648K
  class space    used 8065K, committed 8320K, reserved 1048576K
}
Event: 192.723 GC heap before
{Heap before GC invocations=123 (full 0):
 garbage-first heap   total reserved 2027520K, committed 77824K, used 68850K [0x0000000084400000, 0x0000000100000000)
  region size 1024K, 38 young (38912K), 1 survivors (1024K)
 Metaspace       used 75019K, committed 75584K, reserved 1179648K
  class space    used 8065K, committed 8320K, reserved 1048576K
}
Event: 192.724 GC heap after
{Heap after GC invocations=124 (full 0):
 garbage-first heap   total reserved 2027520K, committed 77824K, used 31989K [0x0000000084400000, 0x0000000100000000)
  region size 1024K, 1 young (1024K), 1 survivors (1024K)
 Metaspace       used 75019K, committed 75584K, reserved 1179648K
  class space    used 8065K, committed 8320K, reserved 1048576K
}
Event: 193.494 GC heap before
{Heap before GC invocations=124 (full 0):
 garbage-first heap   total reserved 2027520K, committed 77824K, used 68853K [0x0000000084400000, 0x0000000100000000)
  region size 1024K, 38 young (38912K), 1 survivors (1024K)
 Metaspace       used 75021K, committed 75584K, reserved 1179648K
  class space    used 8065K, committed 8320K, reserved 1048576K
}
Event: 193.495 GC heap after
{Heap after GC invocations=125 (full 0):
 garbage-first heap   total reserved 2027520K, committed 77824K, used 31999K [0x0000000084400000, 0x0000000100000000)
  region size 1024K, 1 young (1024K), 1 survivors (1024K)
 Metaspace       used 75021K, committed 75584K, reserved 1179648K
  class space    used 8065K, committed 8320K, reserved 1048576K
}

